<?xml version="1.0" encoding="UTF-8"?>
<robot generator="Robot 3.2b1 (Python 3.8.2 on win32)" generated="20200323 16:45:40.143" rpa="false">
<suite id="s1" name="Amazon" source="C:\development\robot-scripts\first-script\tests\amazon.robot">
<test id="s1-t1" name="User must sign in to check out">
<kw name="Begin Web Test" library="Common" type="setup">
<kw name="Open Browser" library="SeleniumLibrary">
<doc>Opens a new browser instance to the given ``url``.</doc>
<arguments>
<arg>about:blank</arg>
<arg>chrome</arg>
</arguments>
<msg timestamp="20200323 16:45:40.486" level="INFO">Opening browser 'chrome' to base url 'about:blank'.</msg>
<status status="PASS" starttime="20200323 16:45:40.485" endtime="20200323 16:45:46.009"></status>
</kw>
<status status="PASS" starttime="20200323 16:45:40.485" endtime="20200323 16:45:46.009"></status>
</kw>
<kw name="Given user searches for products" library="AmazonApp">
<kw name="Load" library="LandingPage">
<kw name="Go To" library="SeleniumLibrary">
<doc>Navigates the active browser instance to the provided ``url``.</doc>
<arguments>
<arg>https://www.amazon.com</arg>
</arguments>
<msg timestamp="20200323 16:45:46.013" level="INFO">Opening url 'https://www.amazon.com'</msg>
<status status="PASS" starttime="20200323 16:45:46.012" endtime="20200323 16:45:47.437"></status>
</kw>
<status status="PASS" starttime="20200323 16:45:46.012" endtime="20200323 16:45:47.437"></status>
</kw>
<kw name="Verify Page Loaded" library="LandingPage">
<kw name="Wait Until Page Contains" library="SeleniumLibrary">
<doc>Waits until ``text`` appears on current page.</doc>
<arguments>
<arg>Your Amazon.com</arg>
</arguments>
<status status="PASS" starttime="20200323 16:45:47.439" endtime="20200323 16:45:47.480"></status>
</kw>
<status status="PASS" starttime="20200323 16:45:47.438" endtime="20200323 16:45:47.481"></status>
</kw>
<kw name="Search for Products" library="TopNav">
<kw name="Input Text" library="SeleniumLibrary">
<doc>Types the given ``text`` into text field identified by ``locator``.</doc>
<arguments>
<arg>id=twotabsearchtextbox</arg>
<arg>Ferrari 458</arg>
</arguments>
<msg timestamp="20200323 16:45:47.483" level="INFO">Typing text 'Ferrari 458' into text field 'id=twotabsearchtextbox'.</msg>
<status status="PASS" starttime="20200323 16:45:47.482" endtime="20200323 16:45:48.108"></status>
</kw>
<kw name="Click Button" library="SeleniumLibrary">
<doc>Clicks button identified by ``locator``.</doc>
<arguments>
<arg>xpath=//*[@id="nav-search"]/form/div[2]/div/input</arg>
</arguments>
<msg timestamp="20200323 16:45:48.109" level="INFO">Clicking button 'xpath=//*[@id="nav-search"]/form/div[2]/div/input'.</msg>
<status status="PASS" starttime="20200323 16:45:48.109" endtime="20200323 16:45:50.209"></status>
</kw>
<status status="PASS" starttime="20200323 16:45:47.481" endtime="20200323 16:45:50.210"></status>
</kw>
<kw name="Verify Search Completed" library="SearchResults">
<kw name="Wait Until Page Contains" library="SeleniumLibrary">
<doc>Waits until ``text`` appears on current page.</doc>
<arguments>
<arg>results for "Ferrari 458"</arg>
</arguments>
<status status="PASS" starttime="20200323 16:45:50.211" endtime="20200323 16:45:50.256"></status>
</kw>
<status status="PASS" starttime="20200323 16:45:50.210" endtime="20200323 16:45:50.256"></status>
</kw>
<status status="PASS" starttime="20200323 16:45:46.011" endtime="20200323 16:45:50.257"></status>
</kw>
<kw name="And user select product from search results" library="AmazonApp">
<kw name="Click Product Link" library="SearchResults">
<kw name="Click Link" library="SeleniumLibrary">
<doc>Clicks a link identified by ``locator``.</doc>
<arguments>
<arg>xpath=//*[@id="search"]/div[1]/div[2]/div/span[4]/div[1]/div[1]/div/span/div/div/div[2]/h2/a</arg>
</arguments>
<msg timestamp="20200323 16:45:50.259" level="INFO">Clicking link 'xpath=//*[@id="search"]/div[1]/div[2]/div/span[4]/div[1]/div[1]/div/span/div/div/div[2]/h2/a'.</msg>
<status status="PASS" starttime="20200323 16:45:50.259" endtime="20200323 16:45:51.797"></status>
</kw>
<status status="PASS" starttime="20200323 16:45:50.258" endtime="20200323 16:45:51.798"></status>
</kw>
<kw name="Verify Page Loaded" library="Product">
<kw name="Wait Until Page Contains" library="SeleniumLibrary">
<doc>Waits until ``text`` appears on current page.</doc>
<arguments>
<arg>Back to results</arg>
</arguments>
<status status="PASS" starttime="20200323 16:45:51.799" endtime="20200323 16:45:52.187"></status>
</kw>
<status status="PASS" starttime="20200323 16:45:51.799" endtime="20200323 16:45:52.187"></status>
</kw>
<status status="PASS" starttime="20200323 16:45:50.257" endtime="20200323 16:45:52.188"></status>
</kw>
<kw name="And user goes to all buying choices page" library="AmazonApp">
<kw name="Go to All Buying Options Page" library="Product">
<kw name="Click Link" library="SeleniumLibrary">
<doc>Clicks a link identified by ``locator``.</doc>
<arguments>
<arg>xpath=//*[@id="buybox-see-all-buying-choices-announce"]</arg>
</arguments>
<msg timestamp="20200323 16:45:52.191" level="INFO">Clicking link 'xpath=//*[@id="buybox-see-all-buying-choices-announce"]'.</msg>
<status status="PASS" starttime="20200323 16:45:52.191" endtime="20200323 16:45:54.703"></status>
</kw>
<status status="PASS" starttime="20200323 16:45:52.190" endtime="20200323 16:45:54.703"></status>
</kw>
<kw name="Verify Page Loaded (all buying option)" library="Product">
<kw name="Wait Until Page Contains" library="SeleniumLibrary">
<doc>Waits until ``text`` appears on current page.</doc>
<arguments>
<arg>Return to product information</arg>
</arguments>
<status status="PASS" starttime="20200323 16:45:54.704" endtime="20200323 16:45:54.775"></status>
</kw>
<status status="PASS" starttime="20200323 16:45:54.703" endtime="20200323 16:45:54.776"></status>
</kw>
<status status="PASS" starttime="20200323 16:45:52.189" endtime="20200323 16:45:54.776"></status>
</kw>
<kw name="And user chooses the buying option" library="AmazonApp">
<kw name="Choose the Buying Options" library="Product">
<kw name="Click Button" library="SeleniumLibrary">
<doc>Clicks button identified by ``locator``.</doc>
<arguments>
<arg>xpath=//*[@id="a-autoid-0"]/span/input</arg>
</arguments>
<msg timestamp="20200323 16:45:54.778" level="INFO">Clicking button 'xpath=//*[@id="a-autoid-0"]/span/input'.</msg>
<status status="PASS" starttime="20200323 16:45:54.778" endtime="20200323 16:45:56.353"></status>
</kw>
<status status="PASS" starttime="20200323 16:45:54.777" endtime="20200323 16:45:56.353"></status>
</kw>
<status status="PASS" starttime="20200323 16:45:54.777" endtime="20200323 16:45:56.353"></status>
</kw>
<kw name="When user adds product to cart" library="AmazonApp">
<kw name="Verify Product Added" library="Cart">
<kw name="Wait Until Page Contains" library="SeleniumLibrary">
<doc>Waits until ``text`` appears on current page.</doc>
<arguments>
<arg>Cart subtotal</arg>
</arguments>
<status status="PASS" starttime="20200323 16:45:56.355" endtime="20200323 16:45:56.413"></status>
</kw>
<status status="PASS" starttime="20200323 16:45:56.355" endtime="20200323 16:45:56.413"></status>
</kw>
<status status="PASS" starttime="20200323 16:45:56.354" endtime="20200323 16:45:56.414"></status>
</kw>
<kw name="Then user begins checkout" library="AmazonApp">
<kw name="Proceed to Checkout" library="Cart">
<kw name="Click Link" library="SeleniumLibrary">
<doc>Clicks a link identified by ``locator``.</doc>
<arguments>
<arg>xpath=//*[@id="hlb-ptc-btn-native"]</arg>
</arguments>
<msg timestamp="20200323 16:45:56.418" level="INFO">Clicking link 'xpath=//*[@id="hlb-ptc-btn-native"]'.</msg>
<status status="PASS" starttime="20200323 16:45:56.418" endtime="20200323 16:45:57.476"></status>
</kw>
<status status="PASS" starttime="20200323 16:45:56.417" endtime="20200323 16:45:57.476"></status>
</kw>
<kw name="Verify Page Loaded" library="SignIn">
<kw name="Wait Until Page Contains" library="SeleniumLibrary">
<doc>Waits until ``text`` appears on current page.</doc>
<arguments>
<arg>Sign-In</arg>
</arguments>
<status status="PASS" starttime="20200323 16:45:57.477" endtime="20200323 16:45:57.497"></status>
</kw>
<status status="PASS" starttime="20200323 16:45:57.477" endtime="20200323 16:45:57.497"></status>
</kw>
<status status="PASS" starttime="20200323 16:45:56.417" endtime="20200323 16:45:57.497"></status>
</kw>
<kw name="End Web Test" library="Common" type="teardown">
<kw name="Close Browser" library="SeleniumLibrary">
<doc>Closes the current browser.</doc>
<status status="PASS" starttime="20200323 16:45:57.499" endtime="20200323 16:45:59.757"></status>
</kw>
<status status="PASS" starttime="20200323 16:45:57.498" endtime="20200323 16:45:59.757"></status>
</kw>
<doc>This is some basic info about the test</doc>
<tags>
<tag>Smoke</tag>
</tags>
<status status="PASS" starttime="20200323 16:45:40.484" endtime="20200323 16:45:59.758" critical="yes"></status>
</test>
<doc>This is some basic info about the whole suite</doc>
<status status="PASS" starttime="20200323 16:45:40.146" endtime="20200323 16:45:59.766"></status>
</suite>
<statistics>
<total>
<stat pass="1" fail="0">Critical Tests</stat>
<stat pass="1" fail="0">All Tests</stat>
</total>
<tag>
<stat pass="1" fail="0">Smoke</stat>
</tag>
<suite>
<stat pass="1" fail="0" id="s1" name="Amazon">Amazon</stat>
</suite>
</statistics>
<errors>
</errors>
</robot>
